2025-01-30 23:40:35.256 [info] Extension host with pid 4549 started
2025-01-30 23:40:35.284 [info] ExtensionService#_doActivateExtension vscode.github-authentication, startup: false, activationEvent: 'onAuthenticationRequest:github'
2025-01-30 23:40:35.400 [info] ExtensionService#_doActivateExtension vscode.git-base, startup: true, activationEvent: '*', root cause: vscode.git
2025-01-30 23:40:35.408 [info] ExtensionService#_doActivateExtension vscode.git, startup: true, activationEvent: '*'
2025-01-30 23:40:35.527 [info] ExtensionService#_doActivateExtension vscode.github, startup: true, activationEvent: '*'
2025-01-30 23:40:35.696 [info] Eager extensions activated
2025-01-30 23:40:35.706 [info] ExtensionService#_doActivateExtension vscode.debug-auto-launch, startup: false, activationEvent: 'onStartupFinished'
2025-01-30 23:40:35.710 [info] ExtensionService#_doActivateExtension vscode.merge-conflict, startup: false, activationEvent: 'onStartupFinished'
2025-01-30 23:40:36.393 [info] Extension host terminating: renderer closed the MessagePort
2025-01-30 23:40:36.437 [error] ProxyResolver#addCertificatesV1 Canceled: Canceled
	at new IT (file:///nix/store/3k12ll0sjc3crfb0saknajxd6j8g5aai-vscode-1.96.2/lib/vscode/resources/app/out/vs/workbench/api/node/extensionHostProcess.js:32:110702)
	at Dy.U (file:///nix/store/3k12ll0sjc3crfb0saknajxd6j8g5aai-vscode-1.96.2/lib/vscode/resources/app/out/vs/workbench/api/node/extensionHostProcess.js:32:115312)
	at s.<computed>.n.charCodeAt.s.<computed> (file:///nix/store/3k12ll0sjc3crfb0saknajxd6j8g5aai-vscode-1.96.2/lib/vscode/resources/app/out/vs/workbench/api/node/extensionHostProcess.js:32:112806)
	at V0.loadCertificates (file:///nix/store/3k12ll0sjc3crfb0saknajxd6j8g5aai-vscode-1.96.2/lib/vscode/resources/app/out/vs/workbench/api/node/extensionHostProcess.js:110:54217)
	at Object.loadAdditionalCertificates (file:///nix/store/3k12ll0sjc3crfb0saknajxd6j8g5aai-vscode-1.96.2/lib/vscode/resources/app/out/vs/workbench/api/node/extensionHostProcess.js:159:18326)
	at /nix/store/3k12ll0sjc3crfb0saknajxd6j8g5aai-vscode-1.96.2/lib/vscode/resources/app/node_modules/@vscode/proxy-agent/out/index.js:697:53
	at Generator.next (<anonymous>)
	at /nix/store/3k12ll0sjc3crfb0saknajxd6j8g5aai-vscode-1.96.2/lib/vscode/resources/app/node_modules/@vscode/proxy-agent/out/index.js:35:71
	at new Promise (<anonymous>)
	at __awaiter (/nix/store/3k12ll0sjc3crfb0saknajxd6j8g5aai-vscode-1.96.2/lib/vscode/resources/app/node_modules/@vscode/proxy-agent/out/index.js:31:12)
	at /nix/store/3k12ll0sjc3crfb0saknajxd6j8g5aai-vscode-1.96.2/lib/vscode/resources/app/node_modules/@vscode/proxy-agent/out/index.js:696:43
	at /nix/store/3k12ll0sjc3crfb0saknajxd6j8g5aai-vscode-1.96.2/lib/vscode/resources/app/node_modules/@vscode/proxy-agent/out/index.js:698:16
	at Generator.next (<anonymous>)
	at /nix/store/3k12ll0sjc3crfb0saknajxd6j8g5aai-vscode-1.96.2/lib/vscode/resources/app/node_modules/@vscode/proxy-agent/out/index.js:35:71
	at new Promise (<anonymous>)
	at __awaiter (/nix/store/3k12ll0sjc3crfb0saknajxd6j8g5aai-vscode-1.96.2/lib/vscode/resources/app/node_modules/@vscode/proxy-agent/out/index.js:31:12)
	at getOrLoadAdditionalCertificates (/nix/store/3k12ll0sjc3crfb0saknajxd6j8g5aai-vscode-1.96.2/lib/vscode/resources/app/node_modules/@vscode/proxy-agent/out/index.js:694:12)
	at addCertificatesToOptionsV1 (/nix/store/3k12ll0sjc3crfb0saknajxd6j8g5aai-vscode-1.96.2/lib/vscode/resources/app/node_modules/@vscode/proxy-agent/out/index.js:673:9)
	at resolveProxyWithRequest (/nix/store/3k12ll0sjc3crfb0saknajxd6j8g5aai-vscode-1.96.2/lib/vscode/resources/app/node_modules/@vscode/proxy-agent/out/index.js:114:9)
	at /nix/store/3k12ll0sjc3crfb0saknajxd6j8g5aai-vscode-1.96.2/lib/vscode/resources/app/node_modules/@vscode/proxy-agent/out/index.js:346:77
	at new Promise (<anonymous>)
	at PacProxyAgent.resolveP [as resolver] (/nix/store/3k12ll0sjc3crfb0saknajxd6j8g5aai-vscode-1.96.2/lib/vscode/resources/app/node_modules/@vscode/proxy-agent/out/index.js:346:54)
	at PacProxyAgent.<anonymous> (/nix/store/3k12ll0sjc3crfb0saknajxd6j8g5aai-vscode-1.96.2/lib/vscode/resources/app/node_modules/@vscode/proxy-agent/out/agent.js:74:37)
	at Generator.next (<anonymous>)
	at /nix/store/3k12ll0sjc3crfb0saknajxd6j8g5aai-vscode-1.96.2/lib/vscode/resources/app/node_modules/@vscode/proxy-agent/out/agent.js:8:71
	at new Promise (<anonymous>)
	at __awaiter (/nix/store/3k12ll0sjc3crfb0saknajxd6j8g5aai-vscode-1.96.2/lib/vscode/resources/app/node_modules/@vscode/proxy-agent/out/agent.js:4:12)
	at PacProxyAgent.connect (/nix/store/3k12ll0sjc3crfb0saknajxd6j8g5aai-vscode-1.96.2/lib/vscode/resources/app/node_modules/@vscode/proxy-agent/out/agent.js:56:16)
	at /nix/store/3k12ll0sjc3crfb0saknajxd6j8g5aai-vscode-1.96.2/lib/vscode/resources/app/node_modules/agent-base/dist/index.js:132:30
2025-01-30 23:40:36.437 [info] Extension host with pid 4549 exiting with code 0
