2025-01-30 23:41:08.804 [info] Extension host with pid 4842 started
2025-01-30 23:41:08.829 [info] ExtensionService#_doActivateExtension vscode.github-authentication, startup: false, activationEvent: 'onAuthenticationRequest:github'
2025-01-30 23:41:08.889 [info] ExtensionService#_doActivateExtension vscode.emmet, startup: false, activationEvent: 'onLanguage'
2025-01-30 23:41:09.117 [info] ExtensionService#_doActivateExtension vscode.git-base, startup: true, activationEvent: '*'
2025-01-30 23:41:09.264 [info] ExtensionService#_doActivateExtension vscode.github, startup: true, activationEvent: '*'
2025-01-30 23:41:09.347 [info] Eager extensions activated
2025-01-30 23:41:09.378 [info] ExtensionService#_doActivateExtension vscode.debug-auto-launch, startup: false, activationEvent: 'onStartupFinished'
2025-01-30 23:41:09.383 [info] ExtensionService#_doActivateExtension vscode.merge-conflict, startup: false, activationEvent: 'onStartupFinished'
2025-01-30 23:41:13.879 [info] ExtensionService#_doActivateExtension vscode.git, startup: false, activationEvent: 'api', root cause: vscode.github
2025-01-30 23:41:55.125 [info] ExtensionService#_doActivateExtension jnoortheen.nix-ide, startup: false, activationEvent: 'onLanguage:nix'
2025-01-30 23:51:05.435 [info] Extension host terminating: renderer closed the MessagePort
2025-01-30 23:51:05.465 [error] TypeError: Cannot read properties of undefined (reading 'dispose')
	at z4 (/home/ky/.vscode/extensions/jnoortheen.nix-ide-0.4.11/dist/extension.js:44:45372)
	at Object.DO (/home/ky/.vscode/extensions/jnoortheen.nix-ide-0.4.11/dist/extension.js:44:48394)
	at zz.eb (file:///nix/store/3k12ll0sjc3crfb0saknajxd6j8g5aai-vscode-1.96.2/lib/vscode/resources/app/out/vs/workbench/api/node/extensionHostProcess.js:119:11724)
	at file:///nix/store/3k12ll0sjc3crfb0saknajxd6j8g5aai-vscode-1.96.2/lib/vscode/resources/app/out/vs/workbench/api/node/extensionHostProcess.js:119:9874
	at Array.map (<anonymous>)
	at zz.$ (file:///nix/store/3k12ll0sjc3crfb0saknajxd6j8g5aai-vscode-1.96.2/lib/vscode/resources/app/out/vs/workbench/api/node/extensionHostProcess.js:119:9862)
	at zz.terminate (file:///nix/store/3k12ll0sjc3crfb0saknajxd6j8g5aai-vscode-1.96.2/lib/vscode/resources/app/out/vs/workbench/api/node/extensionHostProcess.js:119:10105)
	at QC.terminate (file:///nix/store/3k12ll0sjc3crfb0saknajxd6j8g5aai-vscode-1.96.2/lib/vscode/resources/app/out/vs/workbench/api/node/extensionHostProcess.js:120:1424)
	at Zi (file:///nix/store/3k12ll0sjc3crfb0saknajxd6j8g5aai-vscode-1.96.2/lib/vscode/resources/app/out/vs/workbench/api/node/extensionHostProcess.js:175:15080)
	at MessagePortMain.<anonymous> (file:///nix/store/3k12ll0sjc3crfb0saknajxd6j8g5aai-vscode-1.96.2/lib/vscode/resources/app/out/vs/workbench/api/node/extensionHostProcess.js:175:11628)
	at MessagePortMain.emit (node:events:518:28)
	at MessagePortMain._internalPort.emit (node:electron/js2c/utility_init:2:2949)
2025-01-30 23:51:05.465 [info] Extension host with pid 4842 exiting with code 0
